<?xml version="1.0" encoding="UTF-8"?>
<!-- Generated by org.testng.reporters.JUnitXMLReporter -->
<testsuite ignored="0" hostname="DESKTOP-THIJC1S" failures="1" tests="3" name="Test" time="0.263" errors="0" timestamp="2023-10-19T10:45:41 IST">
  <testcase classname="Facebook_login.ListenerRunnerclass" name="test1" time="0.02"/>
  <testcase classname="Facebook_login.ListenerRunnerclass" name="test2" time="0.012">
    <failure type="java.lang.AssertionError" message="null">
      <![CDATA[java.lang.AssertionError: null
at Facebook_login.ListenerRunnerclass.test2(ListenerRunnerclass.java:20)
at java.base/java.util.ArrayList.forEach(ArrayList.java:1511)
... Removed 29 stack frames]]>
    </failure>
  </testcase> <!-- test2 -->
  <testcase classname="Facebook_login.ListenerRunnerclass" name="test3" time="0.0">
    <skipped/>
  </testcase> <!-- test3 -->
</testsuite> <!-- Test -->
